{"total": {"lines":{"total":1188,"covered":1045,"skipped":0,"pct":87.96},"statements":{"total":1354,"covered":1189,"skipped":0,"pct":87.81},"functions":{"total":211,"covered":171,"skipped":0,"pct":81.04},"branches":{"total":519,"covered":471,"skipped":0,"pct":90.75}}
,"/Users/alexgoddijn/Documents/UBC/CPSC 310/cpsc310project_team199/src/Util.ts": {"lines":{"total":16,"covered":15,"skipped":0,"pct":93.75},"functions":{"total":6,"covered":5,"skipped":0,"pct":83.33},"statements":{"total":17,"covered":16,"skipped":0,"pct":94.12},"branches":{"total":0,"covered":0,"skipped":0,"pct":100}}
,"/Users/alexgoddijn/Documents/UBC/CPSC 310/cpsc310project_team199/src/controller/CourseParser.ts": {"lines":{"total":52,"covered":46,"skipped":0,"pct":88.46},"functions":{"total":11,"covered":10,"skipped":0,"pct":90.91},"statements":{"total":55,"covered":49,"skipped":0,"pct":89.09},"branches":{"total":2,"covered":2,"skipped":0,"pct":100}}
,"/Users/alexgoddijn/Documents/UBC/CPSC 310/cpsc310project_team199/src/controller/FileSystem.ts": {"lines":{"total":52,"covered":41,"skipped":0,"pct":78.85},"functions":{"total":13,"covered":12,"skipped":0,"pct":92.31},"statements":{"total":55,"covered":44,"skipped":0,"pct":80},"branches":{"total":4,"covered":4,"skipped":0,"pct":100}}
,"/Users/alexgoddijn/Documents/UBC/CPSC 310/cpsc310project_team199/src/controller/InsightFacade.ts": {"lines":{"total":83,"covered":59,"skipped":0,"pct":71.08},"functions":{"total":32,"covered":24,"skipped":0,"pct":75},"statements":{"total":84,"covered":60,"skipped":0,"pct":71.43},"branches":{"total":14,"covered":10,"skipped":0,"pct":71.43}}
,"/Users/alexgoddijn/Documents/UBC/CPSC 310/cpsc310project_team199/src/controller/QueryGenerator.ts": {"lines":{"total":469,"covered":450,"skipped":0,"pct":95.95},"functions":{"total":51,"covered":48,"skipped":0,"pct":94.12},"statements":{"total":590,"covered":563,"skipped":0,"pct":95.42},"branches":{"total":332,"covered":320,"skipped":0,"pct":96.39}}
,"/Users/alexgoddijn/Documents/UBC/CPSC 310/cpsc310project_team199/src/controller/RoomParser.ts": {"lines":{"total":126,"covered":116,"skipped":0,"pct":92.06},"functions":{"total":21,"covered":17,"skipped":0,"pct":80.95},"statements":{"total":134,"covered":122,"skipped":0,"pct":91.04},"branches":{"total":75,"covered":69,"skipped":0,"pct":92}}
,"/Users/alexgoddijn/Documents/UBC/CPSC 310/cpsc310project_team199/src/controller/Scheduler.ts": {"lines":{"total":246,"covered":226,"skipped":0,"pct":91.87},"functions":{"total":38,"covered":32,"skipped":0,"pct":84.21},"statements":{"total":273,"covered":242,"skipped":0,"pct":88.64},"branches":{"total":70,"covered":53,"skipped":0,"pct":75.71}}
,"/Users/alexgoddijn/Documents/UBC/CPSC 310/cpsc310project_team199/src/controller/ZipParser.ts": {"lines":{"total":32,"covered":31,"skipped":0,"pct":96.88},"functions":{"total":10,"covered":9,"skipped":0,"pct":90},"statements":{"total":34,"covered":32,"skipped":0,"pct":94.12},"branches":{"total":8,"covered":7,"skipped":0,"pct":87.5}}
,"/Users/alexgoddijn/Documents/UBC/CPSC 310/cpsc310project_team199/src/rest/Router.ts": {"lines":{"total":45,"covered":8,"skipped":0,"pct":17.78},"functions":{"total":13,"covered":1,"skipped":0,"pct":7.69},"statements":{"total":45,"covered":8,"skipped":0,"pct":17.78},"branches":{"total":8,"covered":0,"skipped":0,"pct":0}}
,"/Users/alexgoddijn/Documents/UBC/CPSC 310/cpsc310project_team199/src/rest/Server.ts": {"lines":{"total":67,"covered":53,"skipped":0,"pct":79.1},"functions":{"total":16,"covered":13,"skipped":0,"pct":81.25},"statements":{"total":67,"covered":53,"skipped":0,"pct":79.1},"branches":{"total":6,"covered":6,"skipped":0,"pct":100}}
}
