TN:
SF:/Users/alexgoddijn/Documents/UBC/CPSC 310/cpsc310project_team199/src/Util.ts
FN:7,(anonymous_0)
FN:9,(anonymous_2)
FN:13,(anonymous_3)
FN:17,(anonymous_4)
FN:21,(anonymous_5)
FN:25,(anonymous_6)
FNF:6
FNH:5
FNDA:1,(anonymous_0)
FNDA:200,(anonymous_2)
FNDA:37,(anonymous_3)
FNDA:0,(anonymous_4)
FNDA:98,(anonymous_5)
FNDA:352,(anonymous_6)
DA:7,1
DA:9,1
DA:10,200
DA:13,1
DA:14,37
DA:17,1
DA:18,0
DA:21,1
DA:22,98
DA:25,1
DA:26,352
DA:28,1
DA:30,1
DA:34,1
DA:38,1
DA:42,1
LF:16
LH:15
BRF:0
BRH:0
end_of_record
TN:
SF:/Users/alexgoddijn/Documents/UBC/CPSC 310/cpsc310project_team199/src/controller/CourseParser.ts
FN:9,(anonymous_0)
FN:15,CourseParser
FN:20,(anonymous_2)
FN:25,(anonymous_3)
FN:27,(anonymous_4)
FN:34,(anonymous_5)
FN:41,(anonymous_6)
FN:48,(anonymous_7)
FN:58,(anonymous_8)
FN:62,(anonymous_9)
FN:78,(anonymous_10)
FNF:11
FNH:10
FNDA:1,(anonymous_0)
FNDA:9,CourseParser
FNDA:9,(anonymous_2)
FNDA:9,(anonymous_3)
FNDA:9,(anonymous_4)
FNDA:8,(anonymous_5)
FNDA:0,(anonymous_6)
FNDA:1,(anonymous_7)
FNDA:47552,(anonymous_8)
FNDA:47552,(anonymous_9)
FNDA:516896,(anonymous_10)
DA:5,1
DA:9,1
DA:16,9
DA:17,9
DA:20,1
DA:21,9
DA:22,9
DA:23,9
DA:25,9
DA:27,9
DA:28,47553
DA:29,47553
DA:30,47552
DA:34,8
DA:36,8
DA:37,47552
DA:38,47552
DA:40,8
DA:43,0
DA:44,0
DA:45,0
DA:50,1
DA:51,1
DA:52,1
DA:58,1
DA:60,47552
DA:62,47552
DA:63,47552
DA:64,516896
DA:65,516896
DA:67,516896
DA:69,0
DA:70,0
DA:71,0
DA:74,47552
DA:78,1
DA:79,516896
DA:80,516896
DA:81,516896
DA:82,196968
DA:84,319928
DA:86,516896
DA:87,516896
DA:88,516896
DA:89,516896
DA:90,516896
DA:91,516896
DA:92,516896
DA:93,516896
DA:94,516896
DA:96,516896
DA:99,1
LF:52
LH:46
BRDA:81,0,0,196968
BRDA:81,0,1,319928
BRF:2
BRH:2
end_of_record
TN:
SF:/Users/alexgoddijn/Documents/UBC/CPSC 310/cpsc310project_team199/src/controller/FileSystem.ts
FN:10,(anonymous_0)
FN:24,(anonymous_2)
FN:25,(anonymous_3)
FN:51,(anonymous_4)
FN:52,(anonymous_5)
FN:76,(anonymous_6)
FN:77,(anonymous_7)
FN:101,(anonymous_8)
FN:102,(anonymous_9)
FN:108,(anonymous_10)
FN:113,(anonymous_11)
FN:131,(anonymous_12)
FN:132,(anonymous_13)
FNF:13
FNH:12
FNDA:2,(anonymous_0)
FNDA:15,(anonymous_2)
FNDA:15,(anonymous_3)
FNDA:52,(anonymous_4)
FNDA:52,(anonymous_5)
FNDA:452,(anonymous_6)
FNDA:452,(anonymous_7)
FNDA:108,(anonymous_8)
FNDA:108,(anonymous_9)
FNDA:108,(anonymous_10)
FNDA:0,(anonymous_11)
FNDA:4,(anonymous_12)
FNDA:4,(anonymous_13)
DA:6,1
DA:7,1
DA:8,1
DA:10,1
DA:24,1
DA:25,15
DA:26,15
DA:27,15
DA:29,15
DA:30,15
DA:31,15
DA:33,0
DA:34,0
DA:35,0
DA:51,1
DA:52,52
DA:53,52
DA:54,52
DA:55,52
DA:56,52
DA:58,0
DA:59,0
DA:60,0
DA:76,1
DA:77,452
DA:78,452
DA:79,452
DA:80,452
DA:82,0
DA:83,0
DA:84,0
DA:101,1
DA:102,108
DA:103,108
DA:104,108
DA:105,433
DA:106,433
DA:108,108
DA:109,108
DA:110,433
DA:112,108
DA:114,0
DA:115,0
DA:131,1
DA:132,4
DA:133,4
DA:134,4
DA:135,2
DA:137,2
DA:138,2
DA:139,2
DA:144,1
LF:52
LH:41
BRDA:29,0,0,7
BRDA:29,0,1,8
BRDA:110,1,0,25
BRDA:110,1,1,408
BRF:4
BRH:4
end_of_record
TN:
SF:/Users/alexgoddijn/Documents/UBC/CPSC 310/cpsc310project_team199/src/controller/InsightFacade.ts
FN:18,(anonymous_0)
FN:20,InsightFacade
FN:24,(anonymous_2)
FN:26,(anonymous_3)
FN:33,(anonymous_4)
FN:35,(anonymous_5)
FN:40,(anonymous_6)
FN:48,(anonymous_7)
FN:54,(anonymous_8)
FN:60,(anonymous_9)
FN:69,(anonymous_10)
FN:70,(anonymous_11)
FN:71,(anonymous_12)
FN:79,(anonymous_13)
FN:87,(anonymous_14)
FN:89,(anonymous_15)
FN:90,(anonymous_16)
FN:92,(anonymous_17)
FN:94,(anonymous_18)
FN:97,(anonymous_19)
FN:102,(anonymous_20)
FN:107,(anonymous_21)
FN:114,(anonymous_22)
FN:117,(anonymous_23)
FN:118,(anonymous_24)
FN:120,(anonymous_25)
FN:127,(anonymous_26)
FN:129,(anonymous_27)
FN:146,(anonymous_28)
FN:156,(anonymous_29)
FN:172,(anonymous_30)
FN:176,(anonymous_31)
FNF:32
FNH:24
FNDA:1,(anonymous_0)
FNDA:56,InsightFacade
FNDA:16,(anonymous_2)
FNDA:16,(anonymous_3)
FNDA:12,(anonymous_4)
FNDA:12,(anonymous_5)
FNDA:12,(anonymous_6)
FNDA:0,(anonymous_7)
FNDA:0,(anonymous_8)
FNDA:4,(anonymous_9)
FNDA:4,(anonymous_10)
FNDA:4,(anonymous_11)
FNDA:2,(anonymous_12)
FNDA:2,(anonymous_13)
FNDA:111,(anonymous_14)
FNDA:111,(anonymous_15)
FNDA:48,(anonymous_16)
FNDA:48,(anonymous_17)
FNDA:48,(anonymous_18)
FNDA:0,(anonymous_19)
FNDA:0,(anonymous_20)
FNDA:63,(anonymous_21)
FNDA:1,(anonymous_22)
FNDA:1,(anonymous_23)
FNDA:1,(anonymous_24)
FNDA:1,(anonymous_25)
FNDA:1,(anonymous_26)
FNDA:1,(anonymous_27)
FNDA:0,(anonymous_28)
FNDA:0,(anonymous_29)
FNDA:0,(anonymous_30)
FNDA:0,(anonymous_31)
DA:8,1
DA:9,1
DA:10,1
DA:11,1
DA:12,1
DA:13,1
DA:16,1
DA:18,1
DA:21,56
DA:24,1
DA:25,16
DA:26,16
DA:28,16
DA:29,1
DA:30,1
DA:33,16
DA:35,12
DA:37,12
DA:38,8
DA:40,12
DA:41,12
DA:42,12
DA:43,12
DA:45,0
DA:46,0
DA:49,0
DA:50,0
DA:51,0
DA:55,0
DA:56,0
DA:57,0
DA:61,4
DA:62,4
DA:63,4
DA:69,1
DA:70,4
DA:71,4
DA:72,2
DA:73,2
DA:74,2
DA:76,0
DA:77,0
DA:80,2
DA:81,2
DA:82,2
DA:87,1
DA:88,111
DA:89,111
DA:90,111
DA:92,48
DA:94,48
DA:95,48
DA:98,0
DA:99,0
DA:103,0
DA:104,0
DA:108,63
DA:109,63
DA:114,1
DA:115,1
DA:116,1
DA:117,1
DA:118,1
DA:119,1
DA:120,1
DA:121,1
DA:123,1
DA:125,1
DA:127,1
DA:129,1
DA:131,1
DA:132,1
DA:139,0
DA:147,0
DA:148,0
DA:157,0
DA:158,0
DA:168,0
DA:173,0
DA:174,0
DA:177,0
DA:178,0
DA:182,1
LF:83
LH:59
BRDA:28,0,0,1
BRDA:28,0,1,15
BRDA:28,1,0,16
BRDA:28,1,1,15
BRDA:37,2,0,4
BRDA:37,2,1,8
BRDA:41,3,0,12
BRDA:41,3,1,0
BRDA:72,4,0,2
BRDA:72,4,1,0
BRDA:125,5,0,1
BRDA:125,5,1,0
BRDA:131,6,0,1
BRDA:131,6,1,0
BRF:14
BRH:10
end_of_record
TN:
SF:/Users/alexgoddijn/Documents/UBC/CPSC 310/cpsc310project_team199/src/controller/QueryGenerator.ts
FN:12,(anonymous_0)
FN:18,QueryGenerator
FN:22,(anonymous_2)
FN:25,(anonymous_3)
FN:56,(anonymous_4)
FN:57,(anonymous_5)
FN:96,(anonymous_6)
FN:101,(anonymous_7)
FN:121,(anonymous_8)
FN:155,(anonymous_9)
FN:175,(anonymous_10)
FN:198,(anonymous_11)
FN:221,(anonymous_12)
FN:236,(anonymous_13)
FN:252,(anonymous_14)
FN:265,(anonymous_15)
FN:292,(anonymous_16)
FN:304,(anonymous_17)
FN:330,(anonymous_18)
FN:365,(anonymous_19)
FN:389,(anonymous_20)
FN:401,(anonymous_21)
FN:423,(anonymous_22)
FN:436,(anonymous_23)
FN:452,(anonymous_24)
FN:468,(anonymous_25)
FN:484,(anonymous_26)
FN:508,(anonymous_27)
FN:528,(anonymous_28)
FN:547,(anonymous_29)
FN:565,(anonymous_30)
FN:567,(anonymous_31)
FN:608,(anonymous_32)
FN:610,(anonymous_33)
FN:627,(anonymous_34)
FN:629,(anonymous_35)
FN:631,(anonymous_36)
FN:636,(anonymous_37)
FN:657,(anonymous_38)
FN:729,(anonymous_39)
FN:731,(anonymous_40)
FN:743,(anonymous_41)
FN:747,(anonymous_42)
FN:776,(anonymous_43)
FN:778,(anonymous_44)
FN:798,(anonymous_45)
FN:815,(anonymous_46)
FN:816,(anonymous_47)
FN:835,(anonymous_48)
FN:918,(anonymous_49)
FN:954,(anonymous_50)
FNF:51
FNH:48
FNDA:1,(anonymous_0)
FNDA:112,QueryGenerator
FNDA:111,(anonymous_2)
FNDA:111,(anonymous_3)
FNDA:108,(anonymous_4)
FNDA:108,(anonymous_5)
FNDA:5,(anonymous_6)
FNDA:0,(anonymous_7)
FNDA:311,(anonymous_8)
FNDA:68,(anonymous_9)
FNDA:68,(anonymous_10)
FNDA:110,(anonymous_11)
FNDA:6,(anonymous_12)
FNDA:703,(anonymous_13)
FNDA:460,(anonymous_14)
FNDA:450,(anonymous_15)
FNDA:154,(anonymous_16)
FNDA:105,(anonymous_17)
FNDA:94,(anonymous_18)
FNDA:98,(anonymous_19)
FNDA:32,(anonymous_20)
FNDA:30,(anonymous_21)
FNDA:101,(anonymous_22)
FNDA:39,(anonymous_23)
FNDA:39,(anonymous_24)
FNDA:33,(anonymous_25)
FNDA:56,(anonymous_26)
FNDA:55,(anonymous_27)
FNDA:50,(anonymous_28)
FNDA:39,(anonymous_29)
FNDA:108,(anonymous_30)
FNDA:108,(anonymous_31)
FNDA:51,(anonymous_32)
FNDA:51,(anonymous_33)
FNDA:51,(anonymous_34)
FNDA:51,(anonymous_35)
FNDA:0,(anonymous_36)
FNDA:0,(anonymous_37)
FNDA:4279816,(anonymous_38)
FNDA:52,(anonymous_39)
FNDA:52,(anonymous_40)
FNDA:725,(anonymous_41)
FNDA:10283,(anonymous_42)
FNDA:14,(anonymous_43)
FNDA:91431,(anonymous_44)
FNDA:117366,(anonymous_45)
FNDA:51,(anonymous_46)
FNDA:51,(anonymous_47)
FNDA:12,(anonymous_48)
FNDA:12,(anonymous_49)
FNDA:12,(anonymous_50)
DA:5,1
DA:8,1
DA:9,1
DA:12,1
DA:19,112
DA:22,1
DA:23,111
DA:25,111
DA:27,111
DA:30,111
DA:33,111
DA:34,39
DA:35,39
DA:36,39
DA:37,39
DA:38,65
DA:39,65
DA:44,109
DA:45,105
DA:46,105
DA:47,4
DA:50,109
DA:51,39
DA:52,38
DA:56,108
DA:57,108
DA:58,108
DA:61,98
DA:62,4
DA:66,98
DA:67,33
DA:69,65
DA:71,93
DA:74,93
DA:75,93
DA:78,93
DA:79,33
DA:80,33
DA:84,93
DA:85,92
DA:86,92
DA:87,1
DA:89,93
DA:92,10
DA:93,10
DA:97,5
DA:98,5
DA:102,0
DA:103,0
DA:121,1
DA:122,311
DA:123,311
DA:124,308
DA:125,256
DA:126,68
DA:127,68
DA:129,188
DA:130,68
DA:131,68
DA:133,120
DA:134,110
DA:135,110
DA:137,10
DA:138,6
DA:139,6
DA:141,4
DA:143,262
DA:155,1
DA:156,68
DA:157,68
DA:158,66
DA:159,122
DA:160,122
DA:161,122
DA:163,52
DA:175,1
DA:176,68
DA:177,68
DA:178,66
DA:179,66
DA:180,62
DA:181,62
DA:182,60
DA:183,58
DA:184,58
DA:186,58
DA:198,1
DA:199,110
DA:200,110
DA:201,108
DA:202,108
DA:203,102
DA:204,102
DA:205,98
DA:206,96
DA:207,96
DA:209,96
DA:221,1
DA:222,6
DA:223,6
DA:224,4
DA:236,1
DA:237,4337
DA:238,4337
DA:240,325
DA:252,1
DA:253,3464
DA:254,3464
DA:256,168
DA:265,1
DA:266,450
DA:267,450
DA:268,450
DA:269,450
DA:270,446
DA:271,236
DA:272,236
DA:275,369
DA:276,138
DA:277,231
DA:278,226
DA:280,5
DA:292,1
DA:293,154
DA:294,154
DA:295,154
DA:304,1
DA:305,105
DA:307,105
DA:308,104
DA:309,103
DA:310,102
DA:311,101
DA:312,101
DA:313,100
DA:314,98
DA:315,98
DA:317,92
DA:330,1
DA:331,94
DA:332,236
DA:333,236
DA:334,236
DA:335,232
DA:337,82
DA:338,201
DA:339,201
DA:341,82
DA:342,99
DA:343,99
DA:349,82
DA:352,84
DA:365,1
DA:366,98
DA:367,98
DA:368,151
DA:369,151
DA:371,1
DA:372,34
DA:373,34
DA:374,33
DA:375,32
DA:376,32
DA:377,30
DA:378,30
DA:379,27
DA:380,0
DA:389,1
DA:390,32
DA:391,32
DA:392,30
DA:401,1
DA:402,30
DA:403,30
DA:404,29
DA:406,50
DA:407,50
DA:408,50
DA:409,50
DA:411,27
DA:423,1
DA:424,101
DA:425,101
DA:426,1
DA:436,1
DA:437,39
DA:438,38
DA:439,37
DA:440,37
DA:441,36
DA:442,35
DA:452,1
DA:453,39
DA:454,43
DA:455,70
DA:456,70
DA:459,37
DA:468,1
DA:469,33
DA:470,33
DA:471,56
DA:472,56
DA:473,56
DA:475,24
DA:484,1
DA:485,56
DA:486,56
DA:488,56
DA:489,55
DA:490,55
DA:491,55
DA:494,55
DA:495,55
DA:496,55
DA:497,55
DA:499,48
DA:508,1
DA:509,55
DA:510,55
DA:512,53
DA:513,51
DA:514,51
DA:515,1
DA:516,50
DA:517,50
DA:519,48
DA:528,1
DA:529,50
DA:530,50
DA:531,50
DA:532,36
DA:533,36
DA:534,36
DA:538,48
DA:547,1
DA:548,39
DA:549,39
DA:550,64
DA:551,64
DA:552,65
DA:553,65
DA:557,39
DA:565,1
DA:566,108
DA:567,108
DA:568,108
DA:569,108
DA:570,108
DA:571,108
DA:572,108
DA:573,108
DA:574,1349
DA:575,1349
DA:576,1349
DA:577,453
DA:578,453
DA:580,1129
DA:581,574
DA:582,795
DA:583,795
DA:584,795
DA:585,121
DA:586,121
DA:588,795
DA:589,572
DA:592,555
DA:593,477
DA:594,312
DA:598,0
DA:599,0
DA:603,108
DA:608,1
DA:609,51
DA:610,51
DA:611,51
DA:612,51
DA:614,1625973
DA:615,1625973
DA:618,51
DA:619,12
DA:620,12
DA:622,0
DA:623,0
DA:627,51
DA:629,51
DA:630,51
DA:632,0
DA:633,0
DA:637,0
DA:638,0
DA:657,1
DA:658,4279816
DA:659,4279816
DA:660,4084445
DA:661,1099860
DA:662,2265060
DA:663,2265060
DA:664,2265060
DA:666,1099860
DA:667,2984585
DA:668,193836
DA:669,258448
DA:670,258448
DA:671,258448
DA:673,193836
DA:674,2790749
DA:675,518352
DA:676,518352
DA:677,35167
DA:679,2272397
DA:680,65340
DA:681,65340
DA:682,421
DA:684,2207057
DA:685,261398
DA:686,261398
DA:687,602
DA:689,1945659
DA:690,1815324
DA:691,1815324
DA:692,1815324
DA:693,1815324
DA:694,1750348
DA:695,1685736
DA:696,455560
DA:698,260632
DA:699,260632
DA:702,194928
DA:703,194928
DA:706,1230176
DA:708,131408
DA:709,131408
DA:712,1098768
DA:716,130335
DA:717,130335
DA:718,130335
DA:721,195371
DA:729,1
DA:730,52
DA:731,52
DA:732,52
DA:733,52
DA:734,50
DA:735,50
DA:736,14
DA:737,14
DA:738,14
DA:739,7
DA:740,14
DA:742,36
DA:743,13
DA:744,725
DA:747,23
DA:748,10283
DA:749,5631
DA:750,1664
DA:755,2
DA:758,0
DA:759,0
DA:760,0
DA:776,1
DA:777,14
DA:778,14
DA:779,116966
DA:780,116966
DA:781,91016
DA:782,91016
DA:784,25950
DA:785,19582
DA:788,1395
DA:798,1
DA:799,117366
DA:800,929411
DA:801,929411
DA:803,114091
DA:804,107547
DA:805,107547
DA:808,26177
DA:815,1
DA:816,51
DA:817,51
DA:818,51
DA:819,11559
DA:820,11559
DA:821,46115
DA:822,46115
DA:824,11559
DA:826,51
DA:828,0
DA:829,0
DA:830,0
DA:835,1
DA:836,12
DA:837,12
DA:838,12
DA:839,12
DA:841,12
DA:842,12
DA:843,195389
DA:845,195389
DA:846,196201
DA:847,196201
DA:851,195389
DA:852,7019
DA:853,7630
DA:854,7630
DA:856,7019
DA:859,195389
DA:860,457845
DA:861,457845
DA:862,457845
DA:863,432046
DA:864,59485
DA:865,372561
DA:866,65223
DA:867,307338
DA:868,123909
DA:869,123909
DA:870,123909
DA:871,183429
DA:872,59484
DA:873,123945
DA:874,123945
DA:875,7738
DA:879,25799
DA:880,19339
DA:881,6415
DA:882,6415
DA:883,6415
DA:885,12924
DA:888,6460
DA:889,6460
DA:897,12
DA:899,12
DA:901,0
DA:902,0
DA:918,1
DA:919,12
DA:920,12
DA:921,7019
DA:922,7019
DA:923,39841
DA:924,6415
DA:925,6415
DA:926,6415
DA:927,6415
DA:928,6415
DA:929,6415
DA:930,6415
DA:931,6415
DA:933,39841
DA:934,6460
DA:935,6460
DA:936,6460
DA:937,6460
DA:940,7019
DA:942,12
DA:954,1
DA:955,12
DA:956,28
DA:957,28
DA:958,28
DA:959,28
DA:960,28
DA:961,28
DA:962,28
DA:965,28
DA:967,12
DA:975,1
LF:469
LH:450
BRDA:27,0,0,4
BRDA:27,0,1,107
BRDA:33,1,0,39
BRDA:33,1,1,70
BRDA:36,2,0,4
BRDA:36,2,1,35
BRDA:39,3,0,1
BRDA:39,3,1,64
BRDA:44,4,0,105
BRDA:44,4,1,4
BRDA:46,5,0,13
BRDA:46,5,1,92
BRDA:50,6,0,39
BRDA:50,6,1,70
BRDA:52,7,0,1
BRDA:52,7,1,37
BRDA:58,8,0,98
BRDA:58,8,1,10
BRDA:61,9,0,4
BRDA:61,9,1,94
BRDA:61,10,0,98
BRDA:61,10,1,49
BRDA:66,11,0,33
BRDA:66,11,1,65
BRDA:71,12,0,9
BRDA:71,12,1,84
BRDA:75,13,0,19
BRDA:75,13,1,74
BRDA:78,14,0,33
BRDA:78,14,1,60
BRDA:80,15,0,9
BRDA:80,15,1,24
BRDA:84,16,0,92
BRDA:84,16,1,1
BRDA:86,17,0,18
BRDA:86,17,1,74
BRDA:123,18,0,3
BRDA:123,18,1,308
BRDA:125,19,0,68
BRDA:125,19,1,188
BRDA:125,20,0,256
BRDA:125,20,1,200
BRDA:127,21,0,16
BRDA:127,21,1,52
BRDA:129,22,0,68
BRDA:129,22,1,120
BRDA:129,23,0,188
BRDA:129,23,1,142
BRDA:129,23,2,136
BRDA:131,24,0,10
BRDA:131,24,1,58
BRDA:133,25,0,110
BRDA:133,25,1,10
BRDA:135,26,0,14
BRDA:135,26,1,96
BRDA:137,27,0,6
BRDA:137,27,1,4
BRDA:139,28,0,2
BRDA:139,28,1,4
BRDA:157,29,0,2
BRDA:157,29,1,66
BRDA:158,30,0,2
BRDA:158,30,1,64
BRDA:161,31,0,12
BRDA:161,31,1,110
BRDA:177,32,0,2
BRDA:177,32,1,66
BRDA:179,33,0,4
BRDA:179,33,1,62
BRDA:181,34,0,2
BRDA:181,34,1,60
BRDA:182,35,0,2
BRDA:182,35,1,58
BRDA:184,36,0,0
BRDA:184,36,1,58
BRDA:200,37,0,2
BRDA:200,37,1,108
BRDA:202,38,0,6
BRDA:202,38,1,102
BRDA:204,39,0,4
BRDA:204,39,1,98
BRDA:205,40,0,2
BRDA:205,40,1,96
BRDA:207,41,0,0
BRDA:207,41,1,96
BRDA:223,42,0,2
BRDA:223,42,1,4
BRDA:238,43,0,378
BRDA:238,43,1,3959
BRDA:254,44,0,292
BRDA:254,44,1,3172
BRDA:267,45,0,228
BRDA:267,45,1,222
BRDA:268,46,0,140
BRDA:268,46,1,310
BRDA:269,47,0,4
BRDA:269,47,1,446
BRDA:269,48,0,450
BRDA:269,48,1,238
BRDA:270,49,0,146
BRDA:270,49,1,300
BRDA:272,50,0,77
BRDA:272,50,1,159
BRDA:275,51,0,138
BRDA:275,51,1,231
BRDA:275,52,0,369
BRDA:275,52,1,141
BRDA:277,53,0,226
BRDA:277,53,1,5
BRDA:277,54,0,231
BRDA:277,54,1,226
BRDA:294,55,0,0
BRDA:294,55,1,154
BRDA:294,56,0,154
BRDA:294,56,1,58
BRDA:307,57,0,1
BRDA:307,57,1,104
BRDA:308,58,0,1
BRDA:308,58,1,103
BRDA:309,59,0,1
BRDA:309,59,1,102
BRDA:310,60,0,1
BRDA:310,60,1,101
BRDA:312,61,0,1
BRDA:312,61,1,100
BRDA:313,62,0,98
BRDA:313,62,1,2
BRDA:315,63,0,8
BRDA:315,63,1,90
BRDA:334,64,0,4
BRDA:334,64,1,232
BRDA:335,65,0,82
BRDA:335,65,1,150
BRDA:339,66,0,53
BRDA:339,66,1,148
BRDA:341,67,0,82
BRDA:341,67,1,0
BRDA:343,68,0,26
BRDA:343,68,1,73
BRDA:349,69,0,5
BRDA:349,69,1,77
BRDA:367,70,0,64
BRDA:367,70,1,34
BRDA:369,71,0,63
BRDA:369,71,1,88
BRDA:372,72,0,34
BRDA:372,72,1,0
BRDA:373,73,0,1
BRDA:373,73,1,33
BRDA:374,74,0,1
BRDA:374,74,1,32
BRDA:376,75,0,2
BRDA:376,75,1,30
BRDA:378,76,0,3
BRDA:378,76,1,27
BRDA:390,77,0,0
BRDA:390,77,1,32
BRDA:391,78,0,2
BRDA:391,78,1,30
BRDA:391,79,0,32
BRDA:391,79,1,15
BRDA:403,80,0,1
BRDA:403,80,1,29
BRDA:404,81,0,1
BRDA:404,81,1,28
BRDA:408,82,0,0
BRDA:408,82,1,50
BRDA:409,83,0,1
BRDA:409,83,1,49
BRDA:425,84,0,100
BRDA:425,84,1,1
BRDA:437,85,0,1
BRDA:437,85,1,38
BRDA:438,86,0,1
BRDA:438,86,1,37
BRDA:440,87,0,1
BRDA:440,87,1,36
BRDA:441,88,0,1
BRDA:441,88,1,35
BRDA:456,89,0,1
BRDA:456,89,1,69
BRDA:470,90,0,1
BRDA:470,90,1,32
BRDA:473,91,0,8
BRDA:473,91,1,48
BRDA:486,92,0,0
BRDA:486,92,1,56
BRDA:488,93,0,1
BRDA:488,93,1,55
BRDA:490,94,0,0
BRDA:490,94,1,55
BRDA:491,95,0,0
BRDA:491,95,1,55
BRDA:497,96,0,7
BRDA:497,96,1,48
BRDA:510,97,0,2
BRDA:510,97,1,53
BRDA:512,98,0,2
BRDA:512,98,1,51
BRDA:514,99,0,1
BRDA:514,99,1,50
BRDA:514,100,0,51
BRDA:514,100,1,39
BRDA:514,100,2,34
BRDA:514,100,3,20
BRDA:514,100,4,6
BRDA:517,101,0,2
BRDA:517,101,1,48
BRDA:531,102,0,36
BRDA:531,102,1,14
BRDA:531,103,0,50
BRDA:531,103,1,38
BRDA:531,103,2,33
BRDA:531,103,3,19
BRDA:534,104,0,2
BRDA:534,104,1,34
BRDA:549,105,0,38
BRDA:549,105,1,1
BRDA:552,106,0,1
BRDA:552,106,1,64
BRDA:576,107,0,220
BRDA:576,107,1,1129
BRDA:580,108,0,574
BRDA:580,108,1,555
BRDA:583,109,0,102
BRDA:583,109,1,693
BRDA:584,110,0,121
BRDA:584,110,1,674
BRDA:588,111,0,572
BRDA:588,111,1,223
BRDA:592,112,0,477
BRDA:592,112,1,78
BRDA:593,113,0,312
BRDA:593,113,1,165
BRDA:593,114,0,477
BRDA:593,114,1,322
BRDA:615,115,0,199929
BRDA:615,115,1,1426044
BRDA:618,116,0,12
BRDA:618,116,1,39
BRDA:660,117,0,1099860
BRDA:660,117,1,2984585
BRDA:664,118,0,2265060
BRDA:664,118,1,1144141
BRDA:667,119,0,193836
BRDA:667,119,1,2790749
BRDA:671,120,0,258448
BRDA:671,120,1,258433
BRDA:674,121,0,518352
BRDA:674,121,1,2272397
BRDA:676,122,0,483185
BRDA:676,122,1,35167
BRDA:679,123,0,65340
BRDA:679,123,1,2207057
BRDA:681,124,0,64919
BRDA:681,124,1,421
BRDA:684,125,0,261398
BRDA:684,125,1,1945659
BRDA:686,126,0,260796
BRDA:686,126,1,602
BRDA:689,127,0,1815324
BRDA:689,127,1,130335
BRDA:693,128,0,64976
BRDA:693,128,1,1750348
BRDA:694,129,0,64612
BRDA:694,129,1,1685736
BRDA:695,130,0,455560
BRDA:695,130,1,1230176
BRDA:696,131,0,260632
BRDA:696,131,1,194928
BRDA:706,132,0,131408
BRDA:706,132,1,1098768
BRDA:716,133,0,130335
BRDA:716,133,1,0
BRDA:733,134,0,50
BRDA:733,134,1,2
BRDA:735,135,0,14
BRDA:735,135,1,36
BRDA:738,136,0,7
BRDA:738,136,1,7
BRDA:742,137,0,13
BRDA:742,137,1,23
BRDA:748,138,0,4652
BRDA:748,138,1,5631
BRDA:749,139,0,3967
BRDA:749,139,1,1664
BRDA:780,140,0,91016
BRDA:780,140,1,25950
BRDA:782,141,0,78881
BRDA:782,141,1,12135
BRDA:784,142,0,6368
BRDA:784,142,1,19582
BRDA:785,143,0,4787
BRDA:785,143,1,14795
BRDA:801,144,0,3275
BRDA:801,144,1,926136
BRDA:803,145,0,94976
BRDA:803,145,1,19115
BRDA:805,146,0,87914
BRDA:805,146,1,19633
BRDA:851,147,0,7019
BRDA:851,147,1,188370
BRDA:859,148,0,195025
BRDA:859,148,1,364
BRDA:862,149,0,432046
BRDA:862,149,1,25799
BRDA:862,150,0,457845
BRDA:862,150,1,149744
BRDA:863,151,0,59485
BRDA:863,151,1,372561
BRDA:864,152,0,6307
BRDA:864,152,1,53178
BRDA:865,153,0,65223
BRDA:865,153,1,307338
BRDA:866,154,0,909
BRDA:866,154,1,64314
BRDA:867,155,0,123909
BRDA:867,155,1,183429
BRDA:871,156,0,59484
BRDA:871,156,1,123945
BRDA:873,157,0,123945
BRDA:873,157,1,0
BRDA:874,158,0,7738
BRDA:874,158,1,116207
BRDA:879,159,0,19339
BRDA:879,159,1,6460
BRDA:880,160,0,6415
BRDA:880,160,1,12924
BRDA:923,161,0,6415
BRDA:923,161,1,33426
BRDA:933,162,0,6460
BRDA:933,162,1,33381
BRF:332
BRH:320
end_of_record
TN:
SF:/Users/alexgoddijn/Documents/UBC/CPSC 310/cpsc310project_team199/src/controller/RoomParser.ts
FN:11,(anonymous_0)
FN:16,RoomParser
FN:20,(anonymous_2)
FN:28,(anonymous_3)
FN:29,(anonymous_4)
FN:32,(anonymous_5)
FN:39,(anonymous_6)
FN:46,(anonymous_7)
FN:51,(anonymous_8)
FN:56,(anonymous_9)
FN:63,(anonymous_10)
FN:67,(anonymous_11)
FN:119,(anonymous_12)
FN:123,(anonymous_13)
FN:128,(anonymous_14)
FN:177,(anonymous_15)
FN:180,(anonymous_16)
FN:184,(anonymous_17)
FN:204,(anonymous_18)
FN:211,(anonymous_19)
FN:224,(anonymous_20)
FNF:21
FNH:17
FNDA:1,(anonymous_0)
FNDA:6,RoomParser
FNDA:6,(anonymous_2)
FNDA:6,(anonymous_3)
FNDA:6,(anonymous_4)
FNDA:6,(anonymous_5)
FNDA:6,(anonymous_6)
FNDA:0,(anonymous_7)
FNDA:0,(anonymous_8)
FNDA:0,(anonymous_9)
FNDA:6,(anonymous_10)
FNDA:6,(anonymous_11)
FNDA:444,(anonymous_12)
FNDA:444,(anonymous_13)
FNDA:444,(anonymous_14)
FNDA:444,(anonymous_15)
FNDA:444,(anonymous_16)
FNDA:444,(anonymous_17)
FNDA:0,(anonymous_18)
FNDA:2184,(anonymous_19)
FNDA:72762,(anonymous_20)
DA:5,1
DA:8,1
DA:9,1
DA:11,1
DA:17,6
DA:20,1
DA:22,6
DA:24,6
DA:25,6
DA:26,6
DA:28,6
DA:29,6
DA:31,6
DA:32,6
DA:34,444
DA:35,444
DA:36,444
DA:39,6
DA:40,6
DA:41,444
DA:42,444
DA:44,6
DA:47,0
DA:48,0
DA:52,0
DA:53,0
DA:57,0
DA:58,0
DA:63,1
DA:65,6
DA:67,6
DA:68,6
DA:69,6
DA:70,6
DA:72,6
DA:73,510
DA:74,510
DA:75,6642
DA:76,6642
DA:77,6642
DA:78,6
DA:80,6636
DA:81,6
DA:83,6630
DA:89,30
DA:91,6600
DA:93,6
DA:95,6594
DA:97,6
DA:99,6588
DA:100,6
DA:102,6582
DA:103,444
DA:105,6138
DA:107,444
DA:108,444
DA:109,444
DA:114,6
DA:115,6
DA:119,1
DA:121,444
DA:123,444
DA:126,444
DA:128,444
DA:129,444
DA:130,444
DA:131,444
DA:132,444
DA:133,6564
DA:134,6564
DA:135,74856
DA:136,74856
DA:137,74856
DA:138,444
DA:140,74412
DA:141,444
DA:143,73968
DA:152,4260
DA:154,69708
DA:156,444
DA:157,444
DA:159,69264
DA:161,444
DA:163,68820
DA:165,264
DA:167,68556
DA:168,264
DA:170,68292
DA:171,2184
DA:177,444
DA:178,444
DA:180,444
DA:181,444
DA:184,444
DA:185,444
DA:186,444
DA:187,2184
DA:188,2184
DA:189,2184
DA:190,2184
DA:191,2184
DA:192,2184
DA:193,0
DA:194,0
DA:196,2184
DA:197,2184
DA:200,444
DA:205,0
DA:206,0
DA:211,1
DA:212,2184
DA:213,2184
DA:215,2184
DA:216,2184
DA:217,2184
DA:218,2184
DA:219,2184
DA:221,2184
DA:224,1
DA:225,72762
DA:226,72762
DA:227,95226
DA:228,95226
DA:229,5898
DA:233,66864
DA:235,1
LF:126
LH:116
BRDA:74,0,0,510
BRDA:74,0,1,0
BRDA:77,1,0,6
BRDA:77,1,1,6636
BRDA:80,2,0,6
BRDA:80,2,1,6630
BRDA:83,3,0,30
BRDA:83,3,1,6600
BRDA:83,4,0,6630
BRDA:83,4,1,84
BRDA:83,4,2,78
BRDA:83,4,3,72
BRDA:83,4,4,66
BRDA:83,4,5,60
BRDA:91,5,0,6
BRDA:91,5,1,6594
BRDA:91,6,0,6600
BRDA:91,6,1,6
BRDA:95,7,0,6
BRDA:95,7,1,6588
BRDA:95,8,0,6594
BRDA:95,8,1,6
BRDA:99,9,0,6
BRDA:99,9,1,6582
BRDA:102,10,0,444
BRDA:102,10,1,6138
BRDA:105,11,0,444
BRDA:105,11,1,5694
BRDA:105,12,0,6138
BRDA:105,12,1,2220
BRDA:114,13,0,0
BRDA:114,13,1,6
BRDA:134,14,0,6564
BRDA:134,14,1,0
BRDA:137,15,0,444
BRDA:137,15,1,74412
BRDA:140,16,0,444
BRDA:140,16,1,73968
BRDA:143,17,0,4260
BRDA:143,17,1,69708
BRDA:143,18,0,73968
BRDA:143,18,1,9858
BRDA:143,18,2,9414
BRDA:143,18,3,8970
BRDA:143,18,4,8526
BRDA:143,18,5,7638
BRDA:143,18,6,6930
BRDA:143,18,7,6486
BRDA:143,18,8,6042
BRDA:154,19,0,444
BRDA:154,19,1,69264
BRDA:154,20,0,69708
BRDA:154,20,1,5598
BRDA:159,21,0,444
BRDA:159,21,1,68820
BRDA:159,22,0,69264
BRDA:159,22,1,444
BRDA:163,23,0,264
BRDA:163,23,1,68556
BRDA:163,24,0,68820
BRDA:163,24,1,264
BRDA:167,25,0,264
BRDA:167,25,1,68292
BRDA:170,26,0,2184
BRDA:170,26,1,66108
BRDA:186,27,0,0
BRDA:186,27,1,444
BRDA:192,28,0,0
BRDA:192,28,1,2184
BRDA:225,29,0,72762
BRDA:225,29,1,0
BRDA:228,30,0,5898
BRDA:228,30,1,89328
BRDA:228,31,0,95226
BRDA:228,31,1,48462
BRF:75
BRH:69
end_of_record
TN:
SF:/Users/alexgoddijn/Documents/UBC/CPSC 310/cpsc310project_team199/src/controller/Scheduler.ts
FN:10,(anonymous_0)
FN:17,Scheduler
FN:27,(anonymous_2)
FN:31,(anonymous_3)
FN:33,(anonymous_4)
FN:35,(anonymous_5)
FN:50,(anonymous_6)
FN:55,(anonymous_7)
FN:72,(anonymous_8)
FN:95,(anonymous_9)
FN:96,(anonymous_10)
FN:121,(anonymous_11)
FN:132,(anonymous_12)
FN:183,(anonymous_13)
FN:185,(anonymous_14)
FN:187,(anonymous_15)
FN:191,(anonymous_16)
FN:196,(anonymous_17)
FN:209,(anonymous_18)
FN:231,(anonymous_19)
FN:247,(anonymous_20)
FN:249,(anonymous_21)
FN:306,(anonymous_22)
FN:325,(anonymous_23)
FN:347,(anonymous_24)
FN:372,(anonymous_25)
FN:396,(anonymous_26)
FN:416,(anonymous_27)
FN:478,(anonymous_28)
FN:498,(anonymous_29)
FN:519,(anonymous_30)
FN:546,(anonymous_31)
FN:577,(anonymous_32)
FN:601,(anonymous_33)
FN:623,(anonymous_34)
FN:633,(anonymous_35)
FN:646,(anonymous_36)
FN:656,(anonymous_37)
FNF:38
FNH:32
FNDA:1,(anonymous_0)
FNDA:1,Scheduler
FNDA:1,(anonymous_2)
FNDA:1,(anonymous_3)
FNDA:1,(anonymous_4)
FNDA:1,(anonymous_5)
FNDA:0,(anonymous_6)
FNDA:0,(anonymous_7)
FNDA:1,(anonymous_8)
FNDA:1,(anonymous_9)
FNDA:1,(anonymous_10)
FNDA:0,(anonymous_11)
FNDA:1,(anonymous_12)
FNDA:1,(anonymous_13)
FNDA:1,(anonymous_14)
FNDA:1,(anonymous_15)
FNDA:0,(anonymous_16)
FNDA:0,(anonymous_17)
FNDA:1,(anonymous_18)
FNDA:1,(anonymous_19)
FNDA:1,(anonymous_20)
FNDA:1,(anonymous_21)
FNDA:0,(anonymous_22)
FNDA:1,(anonymous_23)
FNDA:1,(anonymous_24)
FNDA:181,(anonymous_25)
FNDA:44,(anonymous_26)
FNDA:1,(anonymous_27)
FNDA:45,(anonymous_28)
FNDA:44,(anonymous_29)
FNDA:46,(anonymous_30)
FNDA:44,(anonymous_31)
FNDA:44,(anonymous_32)
FNDA:1,(anonymous_33)
FNDA:1,(anonymous_34)
FNDA:1,(anonymous_35)
FNDA:1,(anonymous_36)
FNDA:1,(anonymous_37)
DA:6,1
DA:7,1
DA:10,1
DA:18,1
DA:19,1
DA:20,1
DA:21,1
DA:22,1
DA:27,1
DA:29,1
DA:31,1
DA:33,1
DA:35,1
DA:37,1
DA:38,41
DA:39,41
DA:40,41
DA:41,41
DA:42,41
DA:46,1
DA:48,1
DA:51,0
DA:52,0
DA:56,0
DA:57,0
DA:72,1
DA:74,1
DA:76,1
DA:95,1
DA:96,1
DA:97,1
DA:98,1
DA:99,1
DA:100,1
DA:101,653
DA:102,653
DA:103,1
DA:104,1
DA:106,653
DA:107,52
DA:108,52
DA:109,52
DA:110,52
DA:112,601
DA:113,601
DA:117,1
DA:119,1
DA:122,0
DA:132,1
DA:134,1
DA:136,1
DA:152,1
DA:183,1
DA:185,1
DA:187,1
DA:189,1
DA:192,0
DA:193,0
DA:197,0
DA:198,0
DA:209,1
DA:211,1
DA:213,41
DA:214,41
DA:215,41
DA:216,48
DA:217,48
DA:218,48
DA:219,48
DA:223,1
DA:231,1
DA:233,1
DA:235,1
DA:244,1
DA:245,1
DA:247,1
DA:249,1
DA:251,1
DA:253,1
DA:255,1
DA:256,2
DA:257,2
DA:258,2
DA:260,46
DA:261,46
DA:262,1
DA:263,1
DA:264,1
DA:266,45
DA:267,45
DA:268,45
DA:269,45
DA:270,45
DA:271,1
DA:272,1
DA:273,44
DA:274,0
DA:275,0
DA:276,0
DA:278,0
DA:279,0
DA:282,44
DA:283,44
DA:284,44
DA:285,44
DA:286,44
DA:287,44
DA:289,0
DA:296,1
DA:298,1
DA:299,1
DA:300,1
DA:302,1
DA:304,1
DA:307,0
DA:308,0
DA:325,1
DA:327,1
DA:329,1
DA:331,3
DA:332,3
DA:334,1
DA:335,0
DA:338,1
DA:347,1
DA:349,1
DA:351,1
DA:353,1
DA:354,1
DA:355,39
DA:356,39
DA:357,44
DA:358,44
DA:359,2
DA:361,44
DA:362,2
DA:364,44
DA:369,2
DA:370,2
DA:371,2
DA:372,2
DA:373,181
DA:380,181
DA:381,181
DA:382,99
DA:387,1
DA:396,1
DA:398,44
DA:400,44
DA:401,1
DA:402,1
DA:403,43
DA:404,38
DA:407,44
DA:416,1
DA:418,1
DA:420,1
DA:421,1
DA:422,1
DA:423,1
DA:424,1
DA:425,1
DA:427,42
DA:429,42
DA:435,126
DA:436,126
DA:438,1134
DA:444,1134
DA:449,84
DA:450,84
DA:452,504
DA:458,504
DA:463,42
DA:464,4
DA:466,42
DA:478,1
DA:480,45
DA:482,45
DA:484,45
DA:485,44
DA:487,1
DA:498,1
DA:500,44
DA:502,44
DA:503,44
DA:504,44
DA:505,44
DA:519,1
DA:521,46
DA:523,46
DA:524,48
DA:525,48
DA:526,45
DA:527,45
DA:529,3
DA:530,3
DA:531,3
DA:535,1
DA:546,1
DA:548,44
DA:550,44
DA:552,5
DA:554,5
DA:555,5
DA:557,0
DA:561,5
DA:565,39
DA:577,1
DA:579,44
DA:580,0
DA:583,44
DA:594,44
DA:601,1
DA:603,1
DA:607,1
DA:608,1
DA:610,1
DA:611,1
DA:613,1
DA:614,1
DA:616,1
DA:617,1
DA:619,1
DA:623,1
DA:624,1
DA:626,6
DA:627,6
DA:630,1
DA:633,1
DA:634,1
DA:636,1
DA:638,1
DA:639,3
DA:642,1
DA:646,1
DA:647,1
DA:649,3
DA:650,3
DA:653,1
DA:656,1
DA:657,1
DA:659,1
DA:661,1
DA:662,3
DA:665,1
DA:668,1
LF:246
LH:226
BRDA:102,0,0,1
BRDA:102,0,1,652
BRDA:106,1,0,52
BRDA:106,1,1,601
BRDA:106,2,0,653
BRDA:106,2,1,653
BRDA:113,3,0,236
BRDA:113,3,1,365
BRDA:255,4,0,3
BRDA:255,4,1,3
BRDA:261,5,0,1
BRDA:261,5,1,45
BRDA:270,6,0,1
BRDA:270,6,1,44
BRDA:270,7,0,45
BRDA:270,7,1,1
BRDA:273,8,0,0
BRDA:273,8,1,44
BRDA:274,9,0,0
BRDA:274,9,1,0
BRDA:283,10,0,44
BRDA:283,10,1,0
BRDA:358,11,0,2
BRDA:358,11,1,42
BRDA:361,12,0,2
BRDA:361,12,1,42
BRDA:381,13,0,82
BRDA:381,13,1,99
BRDA:400,14,0,1
BRDA:400,14,1,43
BRDA:403,15,0,38
BRDA:403,15,1,5
BRDA:463,16,0,4
BRDA:463,16,1,38
BRDA:484,17,0,44
BRDA:484,17,1,1
BRDA:504,18,0,44
BRDA:504,18,1,0
BRDA:525,19,0,45
BRDA:525,19,1,3
BRDA:550,20,0,5
BRDA:550,20,1,39
BRDA:550,21,0,44
BRDA:550,21,1,43
BRDA:555,22,0,0
BRDA:555,22,1,5
BRDA:555,23,0,5
BRDA:555,23,1,5
BRDA:579,24,0,0
BRDA:579,24,1,44
BRDA:608,25,0,0
BRDA:608,25,1,1
BRDA:611,26,0,0
BRDA:611,26,1,1
BRDA:614,27,0,0
BRDA:614,27,1,1
BRDA:617,28,0,0
BRDA:617,28,1,1
BRDA:627,29,0,0
BRDA:627,29,1,6
BRDA:634,30,0,0
BRDA:634,30,1,1
BRDA:639,31,0,0
BRDA:639,31,1,3
BRDA:650,32,0,0
BRDA:650,32,1,3
BRDA:657,33,0,0
BRDA:657,33,1,1
BRDA:662,34,0,0
BRDA:662,34,1,3
BRF:70
BRH:53
end_of_record
TN:
SF:/Users/alexgoddijn/Documents/UBC/CPSC 310/cpsc310project_team199/src/controller/ZipParser.ts
FN:16,(anonymous_0)
FN:18,ZipParser
FN:22,(anonymous_2)
FN:25,(anonymous_3)
FN:32,(anonymous_4)
FN:42,(anonymous_5)
FN:44,(anonymous_6)
FN:60,(anonymous_7)
FN:63,(anonymous_8)
FN:69,(anonymous_9)
FNF:10
FNH:9
FNDA:1,(anonymous_0)
FNDA:16,ZipParser
FNDA:16,(anonymous_2)
FNDA:16,(anonymous_3)
FNDA:15,(anonymous_4)
FNDA:6,(anonymous_5)
FNDA:0,(anonymous_6)
FNDA:8,(anonymous_7)
FNDA:1,(anonymous_8)
FNDA:1,(anonymous_9)
DA:5,1
DA:7,1
DA:8,1
DA:9,1
DA:10,1
DA:16,1
DA:19,16
DA:22,1
DA:23,16
DA:25,16
DA:27,16
DA:32,16
DA:36,15
DA:39,15
DA:40,6
DA:41,6
DA:42,6
DA:43,6
DA:45,0
DA:48,9
DA:51,9
DA:52,47565
DA:53,47565
DA:55,47554
DA:59,9
DA:60,9
DA:61,8
DA:62,8
DA:64,1
DA:65,1
DA:70,1
DA:75,1
LF:32
LH:31
BRDA:39,0,0,6
BRDA:39,0,1,9
BRDA:40,1,0,0
BRDA:40,1,1,6
BRDA:48,2,0,3
BRDA:48,2,1,6
BRDA:53,3,0,47554
BRDA:53,3,1,11
BRF:8
BRH:7
end_of_record
TN:
SF:/Users/alexgoddijn/Documents/UBC/CPSC 310/cpsc310project_team199/src/rest/Router.ts
FN:10,(anonymous_0)
FN:12,(anonymous_2)
FN:17,(anonymous_3)
FN:20,(anonymous_4)
FN:30,(anonymous_5)
FN:34,(anonymous_6)
FN:37,(anonymous_7)
FN:47,(anonymous_8)
FN:51,(anonymous_9)
FN:54,(anonymous_10)
FN:64,(anonymous_11)
FN:68,(anonymous_12)
FN:71,(anonymous_13)
FNF:13
FNH:1
FNDA:1,(anonymous_0)
FNDA:0,(anonymous_2)
FNDA:0,(anonymous_3)
FNDA:0,(anonymous_4)
FNDA:0,(anonymous_5)
FNDA:0,(anonymous_6)
FNDA:0,(anonymous_7)
FNDA:0,(anonymous_8)
FNDA:0,(anonymous_9)
FNDA:0,(anonymous_10)
FNDA:0,(anonymous_11)
FNDA:0,(anonymous_12)
FNDA:0,(anonymous_13)
DA:5,1
DA:6,1
DA:10,1
DA:12,1
DA:13,0
DA:14,0
DA:15,0
DA:16,0
DA:17,0
DA:18,0
DA:19,0
DA:21,0
DA:22,0
DA:25,0
DA:26,0
DA:30,1
DA:31,0
DA:32,0
DA:33,0
DA:34,0
DA:35,0
DA:36,0
DA:38,0
DA:39,0
DA:42,0
DA:43,0
DA:47,1
DA:48,0
DA:49,0
DA:50,0
DA:51,0
DA:52,0
DA:53,0
DA:55,0
DA:56,0
DA:64,1
DA:65,0
DA:66,0
DA:67,0
DA:68,0
DA:69,0
DA:70,0
DA:72,0
DA:73,0
DA:78,1
LF:45
LH:8
BRDA:14,0,0,0
BRDA:14,0,1,0
BRDA:32,1,0,0
BRDA:32,1,1,0
BRDA:49,2,0,0
BRDA:49,2,1,0
BRDA:66,3,0,0
BRDA:66,3,1,0
BRF:8
BRH:0
end_of_record
TN:
SF:/Users/alexgoddijn/Documents/UBC/CPSC 310/cpsc310project_team199/src/rest/Server.ts
FN:18,(anonymous_0)
FN:23,Server
FN:34,(anonymous_2)
FN:37,(anonymous_3)
FN:43,(anonymous_4)
FN:50,(anonymous_5)
FN:64,(anonymous_6)
FN:67,(anonymous_7)
FN:74,(anonymous_8)
FN:75,(anonymous_9)
FN:103,(anonymous_10)
FN:108,(anonymous_11)
FN:114,(anonymous_12)
FN:118,(anonymous_13)
FN:134,(anonymous_14)
FN:147,(anonymous_15)
FNF:16
FNH:13
FNDA:1,(anonymous_0)
FNDA:2,Server
FNDA:2,(anonymous_2)
FNDA:2,(anonymous_3)
FNDA:2,(anonymous_4)
FNDA:1,(anonymous_5)
FNDA:2,(anonymous_6)
FNDA:2,(anonymous_7)
FNDA:2,(anonymous_8)
FNDA:2,(anonymous_9)
FNDA:1,(anonymous_10)
FNDA:1,(anonymous_11)
FNDA:0,(anonymous_12)
FNDA:0,(anonymous_13)
FNDA:0,(anonymous_14)
FNDA:4,(anonymous_15)
DA:6,1
DA:8,1
DA:10,1
DA:11,1
DA:12,1
DA:13,1
DA:18,1
DA:24,2
DA:25,2
DA:34,1
DA:35,2
DA:36,2
DA:37,2
DA:39,2
DA:41,2
DA:42,2
DA:43,1
DA:44,2
DA:45,2
DA:47,1
DA:50,2
DA:51,1
DA:64,1
DA:65,2
DA:66,2
DA:67,2
DA:68,2
DA:69,2
DA:71,2
DA:72,2
DA:73,2
DA:74,2
DA:75,2
DA:77,2
DA:81,2
DA:84,2
DA:91,2
DA:95,2
DA:97,2
DA:99,2
DA:101,2
DA:103,2
DA:104,1
DA:105,1
DA:108,2
DA:110,1
DA:111,1
DA:115,0
DA:116,0
DA:119,0
DA:120,0
DA:124,0
DA:125,0
DA:134,1
DA:135,0
DA:136,0
DA:137,0
DA:138,0
DA:139,0
DA:141,0
DA:142,0
DA:144,0
DA:147,1
DA:148,4
DA:149,2
DA:151,2
DA:155,1
LF:67
LH:53
BRDA:42,0,0,1
BRDA:42,0,1,1
BRDA:148,1,0,2
BRDA:148,1,1,2
BRDA:148,2,0,4
BRDA:148,2,1,3
BRF:6
BRH:6
end_of_record
